[INFO] Scanning for projects...
[INFO] 
[INFO] ------------------< com.watchshop:watchshop-backend >-------------------
[INFO] Building watchshop-backend 0.0.1-SNAPSHOT
[INFO]   from pom.xml
[INFO] --------------------------------[ jar ]---------------------------------
[INFO] 
[INFO] --- resources:3.3.1:resources (default-resources) @ watchshop-backend ---
[INFO] Copying 1 resource from src\main\resources to target\classes
[INFO] Copying 3 resources from src\main\resources to target\classes
[INFO] 
[INFO] --- compiler:3.14.1:compile (default-compile) @ watchshop-backend ---
[INFO] Recompiling the module because of changed source code.
[INFO] Compiling 64 source files with javac [debug parameters release 17] to target\classes
[INFO] -------------------------------------------------------------
[ERROR] COMPILATION ERROR : 
[INFO] -------------------------------------------------------------
[ERROR] /C:/Users/Dell/OneDrive/Desktop/watch-shop/watchshop-backend/src/main/java/com/watchshop/watchshop_backend/service/CheckoutService.java:[29,19] cannot find symbol
  symbol:   class AdminRepository
  location: class com.watchshop.watchshop_backend.service.CheckoutService
[ERROR] /C:/Users/Dell/OneDrive/Desktop/watch-shop/watchshop-backend/src/main/java/com/watchshop/watchshop_backend/service/CheckoutService.java:[36,13] cannot find symbol
  symbol:   class AdminRepository
  location: class com.watchshop.watchshop_backend.service.CheckoutService
[INFO] 2 errors 
[INFO] -------------------------------------------------------------
[INFO] ------------------------------------------------------------------------
[INFO] BUILD FAILURE
[INFO] ------------------------------------------------------------------------
[INFO] Total time:  8.026 s
[INFO] Finished at: 2026-02-04T21:58:57+05:30
[INFO] ------------------------------------------------------------------------
[ERROR] Failed to execute goal org.apache.maven.plugins:maven-compiler-plugin:3.14.1:compile (default-compile) on project watchshop-backend: Compilation failure: Compilation failure: 
[ERROR] /C:/Users/Dell/OneDrive/Desktop/watch-shop/watchshop-backend/src/main/java/com/watchshop/watchshop_backend/service/CheckoutService.java:[29,19] cannot find symbol
[ERROR]   symbol:   class AdminRepository
[ERROR]   location: class com.watchshop.watchshop_backend.service.CheckoutService
[ERROR] /C:/Users/Dell/OneDrive/Desktop/watch-shop/watchshop-backend/src/main/java/com/watchshop/watchshop_backend/service/CheckoutService.java:[36,13] cannot find symbol
[ERROR]   symbol:   class AdminRepository
[ERROR]   location: class com.watchshop.watchshop_backend.service.CheckoutService
[ERROR] -> [Help 1]
[ERROR] 
[ERROR] To see the full stack trace of the errors, re-run Maven with the -e switch.
[ERROR] Re-run Maven using the -X switch to enable full debug logging.
[ERROR] 
[ERROR] For more information about the errors and possible solutions, please read the following articles:
[ERROR] [Help 1] http://cwiki.apache.org/confluence/display/MAVEN/MojoFailureException
